# JRE version: Java(TM) SE Runtime Environment (16.0.2+7) (build 16.0.2+7-67)
# Java VM: Java HotSpot(TM) 64-Bit Server VM (16.0.2+7-67, mixed mode, sharing, tiered, compressed oops, compressed class ptrs, parallel gc, windows-amd64)
GC Precious Log:
 CPUs: 4 total, 4 available
 Memory: 6040M
 Large Page Support: Disabled
 NUMA Support: Disabled
 Compressed Oops: Enabled (32-bit)
 Alignments: Space 512K, Generation 512K, Heap 2M
 Heap Min Capacity: 100M
 Heap Initial Capacity: 100M
 Heap Max Capacity: 1G
 Pre-touch: Disabled
 Parallel Workers: 4
Heap:
 PSYoungGen      total 32256K, used 32239K [0x00000000eab00000, 0x00000000ed400000, 0x0000000100000000)
  eden space 24064K, 100% used [0x00000000eab00000,0x00000000ec280000,0x00000000ec280000)
  from space 8192K, 99% used [0x00000000ecb00000,0x00000000ed2fbe20,0x00000000ed300000)
  to   space 8704K, 92% used [0x00000000ec280000,0x00000000eca5e770,0x00000000ecb00000)
 ParOldGen       total 284672K, used 272775K [0x00000000c0000000, 0x00000000d1600000, 0x00000000eab00000)
  object space 284672K, 95% used [0x00000000c0000000,0x00000000d0a61df0,0x00000000d1600000)
 Metaspace       used 69967K, committed 71040K, reserved 1114112K
  class space    used 6872K, committed 7360K, reserved 1048576K
GC Heap History (20 events):
Event: 1144.706 GC heap after
{Heap after GC invocations=202 (full 12):
 PSYoungGen      total 37888K, used 12562K [0x00000000eab00000, 0x00000000edd80000, 0x0000000100000000)
  eden space 25088K, 0% used [0x00000000eab00000,0x00000000eab00000,0x00000000ec380000)
  from space 12800K, 98% used [0x00000000ec380000,0x00000000ecfc4b20,0x00000000ed000000)
  to   space 13312K, 0% used [0x00000000ed080000,0x00000000ed080000,0x00000000edd80000)
 ParOldGen       total 284672K, used 262877K [0x00000000c0000000, 0x00000000d1600000, 0x00000000eab00000)
  object space 284672K, 92% used [0x00000000c0000000,0x00000000d00b7680,0x00000000d1600000)
 Metaspace       used 68996K, committed 70080K, reserved 1114112K
  class space    used 6836K, committed 7360K, reserved 1048576K
}
Event: 1149.065 GC heap before
{Heap before GC invocations=203 (full 12):
 PSYoungGen      total 37888K, used 37650K [0x00000000eab00000, 0x00000000edd80000, 0x0000000100000000)
  eden space 25088K, 100% used [0x00000000eab00000,0x00000000ec380000,0x00000000ec380000)
  from space 12800K, 98% used [0x00000000ec380000,0x00000000ecfc4b20,0x00000000ed000000)
  to   space 13312K, 0% used [0x00000000ed080000,0x00000000ed080000,0x00000000edd80000)
 ParOldGen       total 284672K, used 262877K [0x00000000c0000000, 0x00000000d1600000, 0x00000000eab00000)
  object space 284672K, 92% used [0x00000000c0000000,0x00000000d00b7680,0x00000000d1600000)
 Metaspace       used 69022K, committed 70144K, reserved 1114112K
  class space    used 6836K, committed 7360K, reserved 1048576K
}
Event: 1149.078 GC heap after
{Heap after GC invocations=203 (full 12):
 PSYoungGen      total 37888K, used 13262K [0x00000000eab00000, 0x00000000ede80000, 0x0000000100000000)
  eden space 24576K, 0% used [0x00000000eab00000,0x00000000eab00000,0x00000000ec300000)
  from space 13312K, 99% used [0x00000000ed080000,0x00000000edd739a8,0x00000000edd80000)
  to   space 13824K, 0% used [0x00000000ec300000,0x00000000ec300000,0x00000000ed080000)
 ParOldGen       total 284672K, used 262885K [0x00000000c0000000, 0x00000000d1600000, 0x00000000eab00000)
  object space 284672K, 92% used [0x00000000c0000000,0x00000000d00b9680,0x00000000d1600000)
 Metaspace       used 69022K, committed 70144K, reserved 1114112K
  class space    used 6836K, committed 7360K, reserved 1048576K
}
Event: 1149.990 GC heap before
{Heap before GC invocations=204 (full 12):
 PSYoungGen      total 37888K, used 37838K [0x00000000eab00000, 0x00000000ede80000, 0x0000000100000000)
  eden space 24576K, 100% used [0x00000000eab00000,0x00000000ec300000,0x00000000ec300000)
  from space 13312K, 99% used [0x00000000ed080000,0x00000000edd739a8,0x00000000edd80000)
  to   space 13824K, 0% used [0x00000000ec300000,0x00000000ec300000,0x00000000ed080000)
 ParOldGen       total 284672K, used 262885K [0x00000000c0000000, 0x00000000d1600000, 0x00000000eab00000)
  object space 284672K, 92% used [0x00000000c0000000,0x00000000d00b9680,0x00000000d1600000)
 Metaspace       used 69153K, committed 70336K, reserved 1114112K
  class space    used 6836K, committed 7360K, reserved 1048576K
}
Event: 1150.004 GC heap after
{Heap after GC invocations=204 (full 12):
 PSYoungGen      total 38400K, used 13817K [0x00000000eab00000, 0x00000000ee300000, 0x0000000100000000)
  eden space 24576K, 0% used [0x00000000eab00000,0x00000000eab00000,0x00000000ec300000)
  from space 13824K, 99% used [0x00000000ec300000,0x00000000ed07e578,0x00000000ed080000)
  to   space 16384K, 0% used [0x00000000ed300000,0x00000000ed300000,0x00000000ee300000)
 ParOldGen       total 284672K, used 264541K [0x00000000c0000000, 0x00000000d1600000, 0x00000000eab00000)
  object space 284672K, 92% used [0x00000000c0000000,0x00000000d0257690,0x00000000d1600000)
 Metaspace       used 69153K, committed 70336K, reserved 1114112K
  class space    used 6836K, committed 7360K, reserved 1048576K
}
Event: 1154.753 GC heap before
{Heap before GC invocations=205 (full 12):
 PSYoungGen      total 38400K, used 38393K [0x00000000eab00000, 0x00000000ee300000, 0x0000000100000000)
  eden space 24576K, 100% used [0x00000000eab00000,0x00000000ec300000,0x00000000ec300000)
  from space 13824K, 99% used [0x00000000ec300000,0x00000000ed07e578,0x00000000ed080000)
  to   space 16384K, 0% used [0x00000000ed300000,0x00000000ed300000,0x00000000ee300000)
 ParOldGen       total 284672K, used 264541K [0x00000000c0000000, 0x00000000d1600000, 0x00000000eab00000)
  object space 284672K, 92% used [0x00000000c0000000,0x00000000d0257690,0x00000000d1600000)
 Metaspace       used 69334K, committed 70464K, reserved 1114112K
  class space    used 6862K, committed 7360K, reserved 1048576K
}
Event: 1154.766 GC heap after
{Heap after GC invocations=205 (full 12):
 PSYoungGen      total 35328K, used 10502K [0x00000000eab00000, 0x00000000edd80000, 0x0000000100000000)
  eden space 24576K, 0% used [0x00000000eab00000,0x00000000eab00000,0x00000000ec300000)
  from space 10752K, 97% used [0x00000000ed300000,0x00000000edd41a58,0x00000000edd80000)
  to   space 12800K, 0% used [0x00000000ec480000,0x00000000ec480000,0x00000000ed100000)
 ParOldGen       total 284672K, used 265591K [0x00000000c0000000, 0x00000000d1600000, 0x00000000eab00000)
  object space 284672K, 93% used [0x00000000c0000000,0x00000000d035dcf8,0x00000000d1600000)
 Metaspace       used 69334K, committed 70464K, reserved 1114112K
  class space    used 6862K, committed 7360K, reserved 1048576K
}
Event: 1159.093 GC heap before
{Heap before GC invocations=206 (full 12):
 PSYoungGen      total 35328K, used 35078K [0x00000000eab00000, 0x00000000edd80000, 0x0000000100000000)
  eden space 24576K, 100% used [0x00000000eab00000,0x00000000ec300000,0x00000000ec300000)
  from space 10752K, 97% used [0x00000000ed300000,0x00000000edd41a58,0x00000000edd80000)
  to   space 12800K, 0% used [0x00000000ec480000,0x00000000ec480000,0x00000000ed100000)
 ParOldGen       total 284672K, used 265591K [0x00000000c0000000, 0x00000000d1600000, 0x00000000eab00000)
  object space 284672K, 93% used [0x00000000c0000000,0x00000000d035dcf8,0x00000000d1600000)
 Metaspace       used 69494K, committed 70592K, reserved 1114112K
  class space    used 6870K, committed 7360K, reserved 1048576K
}
Event: 1159.105 GC heap after
{Heap after GC invocations=206 (full 12):
 PSYoungGen      total 36352K, used 11650K [0x00000000eab00000, 0x00000000edb00000, 0x0000000100000000)
  eden space 24576K, 0% used [0x00000000eab00000,0x00000000eab00000,0x00000000ec300000)
  from space 11776K, 98% used [0x00000000ec480000,0x00000000ecfe08d0,0x00000000ed000000)
  to   space 11264K, 0% used [0x00000000ed000000,0x00000000ed000000,0x00000000edb00000)
 ParOldGen       total 284672K, used 265599K [0x00000000c0000000, 0x00000000d1600000, 0x00000000eab00000)
  object space 284672K, 93% used [0x00000000c0000000,0x00000000d035fcf8,0x00000000d1600000)
 Metaspace       used 69494K, committed 70592K, reserved 1114112K
  class space    used 6870K, committed 7360K, reserved 1048576K
}
Event: 1164.010 GC heap before
{Heap before GC invocations=207 (full 12):
 PSYoungGen      total 36352K, used 36226K [0x00000000eab00000, 0x00000000edb00000, 0x0000000100000000)
  eden space 24576K, 100% used [0x00000000eab00000,0x00000000ec300000,0x00000000ec300000)
  from space 11776K, 98% used [0x00000000ec480000,0x00000000ecfe08d0,0x00000000ed000000)
  to   space 11264K, 0% used [0x00000000ed000000,0x00000000ed000000,0x00000000edb00000)
 ParOldGen       total 284672K, used 265599K [0x00000000c0000000, 0x00000000d1600000, 0x00000000eab00000)
  object space 284672K, 93% used [0x00000000c0000000,0x00000000d035fcf8,0x00000000d1600000)
 Metaspace       used 69651K, committed 70720K, reserved 1114112K
  class space    used 6872K, committed 7360K, reserved 1048576K
}
Event: 1164.024 GC heap after
{Heap after GC invocations=207 (full 12):
 PSYoungGen      total 35840K, used 11257K [0x00000000eab00000, 0x00000000edb00000, 0x0000000100000000)
  eden space 24576K, 0% used [0x00000000eab00000,0x00000000eab00000,0x00000000ec300000)
  from space 11264K, 99% used [0x00000000ed000000,0x00000000edafe5e0,0x00000000edb00000)
  to   space 11776K, 0% used [0x00000000ec400000,0x00000000ec400000,0x00000000ecf80000)
 ParOldGen       total 284672K, used 265991K [0x00000000c0000000, 0x00000000d1600000, 0x00000000eab00000)
  object space 284672K, 93% used [0x00000000c0000000,0x00000000d03c1cf8,0x00000000d1600000)
 Metaspace       used 69651K, committed 70720K, reserved 1114112K
  class space    used 6872K, committed 7360K, reserved 1048576K
}
Event: 1167.640 GC heap before
{Heap before GC invocations=208 (full 12):
 PSYoungGen      total 35840K, used 35833K [0x00000000eab00000, 0x00000000edb00000, 0x0000000100000000)
  eden space 24576K, 100% used [0x00000000eab00000,0x00000000ec300000,0x00000000ec300000)
  from space 11264K, 99% used [0x00000000ed000000,0x00000000edafe5e0,0x00000000edb00000)
  to   space 11776K, 0% used [0x00000000ec400000,0x00000000ec400000,0x00000000ecf80000)
 ParOldGen       total 284672K, used 265991K [0x00000000c0000000, 0x00000000d1600000, 0x00000000eab00000)
  object space 284672K, 93% used [0x00000000c0000000,0x00000000d03c1cf8,0x00000000d1600000)
 Metaspace       used 69774K, committed 70848K, reserved 1114112K
  class space    used 6872K, committed 7360K, reserved 1048576K
}
Event: 1167.655 GC heap after
{Heap after GC invocations=208 (full 12):
 PSYoungGen      total 33792K, used 9193K [0x00000000eab00000, 0x00000000ed700000, 0x0000000100000000)
  eden space 24576K, 0% used [0x00000000eab00000,0x00000000eab00000,0x00000000ec300000)
  from space 9216K, 99% used [0x00000000ec400000,0x00000000eccfa568,0x00000000ecd00000)
  to   space 10240K, 0% used [0x00000000ecd00000,0x00000000ecd00000,0x00000000ed700000)
 ParOldGen       total 284672K, used 269695K [0x00000000c0000000, 0x00000000d1600000, 0x00000000eab00000)
  object space 284672K, 94% used [0x00000000c0000000,0x00000000d075feb8,0x00000000d1600000)
 Metaspace       used 69774K, committed 70848K, reserved 1114112K
  class space    used 6872K, committed 7360K, reserved 1048576K
}
Event: 1168.782 GC heap before
{Heap before GC invocations=209 (full 12):
 PSYoungGen      total 33792K, used 33769K [0x00000000eab00000, 0x00000000ed700000, 0x0000000100000000)
  eden space 24576K, 100% used [0x00000000eab00000,0x00000000ec300000,0x00000000ec300000)
  from space 9216K, 99% used [0x00000000ec400000,0x00000000eccfa568,0x00000000ecd00000)
  to   space 10240K, 0% used [0x00000000ecd00000,0x00000000ecd00000,0x00000000ed700000)
 ParOldGen       total 284672K, used 269695K [0x00000000c0000000, 0x00000000d1600000, 0x00000000eab00000)
  object space 284672K, 94% used [0x00000000c0000000,0x00000000d075feb8,0x00000000d1600000)
 Metaspace       used 69825K, committed 70912K, reserved 1114112K
  class space    used 6872K, committed 7360K, reserved 1048576K
}
Event: 1168.793 GC heap after
{Heap after GC invocations=209 (full 12):
 PSYoungGen      total 34304K, used 9459K [0x00000000eab00000, 0x00000000ed680000, 0x0000000100000000)
  eden space 24576K, 0% used [0x00000000eab00000,0x00000000eab00000,0x00000000ec300000)
  from space 9728K, 97% used [0x00000000ecd00000,0x00000000ed63cc48,0x00000000ed680000)
  to   space 9728K, 0% used [0x00000000ec380000,0x00000000ec380000,0x00000000ecd00000)
 ParOldGen       total 284672K, used 269695K [0x00000000c0000000, 0x00000000d1600000, 0x00000000eab00000)
  object space 284672K, 94% used [0x00000000c0000000,0x00000000d075feb8,0x00000000d1600000)
 Metaspace       used 69825K, committed 70912K, reserved 1114112K
  class space    used 6872K, committed 7360K, reserved 1048576K
}
Event: 1169.671 GC heap before
{Heap before GC invocations=210 (full 12):
 PSYoungGen      total 34304K, used 34035K [0x00000000eab00000, 0x00000000ed680000, 0x0000000100000000)
  eden space 24576K, 100% used [0x00000000eab00000,0x00000000ec300000,0x00000000ec300000)
  from space 9728K, 97% used [0x00000000ecd00000,0x00000000ed63cc48,0x00000000ed680000)
  to   space 9728K, 0% used [0x00000000ec380000,0x00000000ec380000,0x00000000ecd00000)
 ParOldGen       total 284672K, used 269695K [0x00000000c0000000, 0x00000000d1600000, 0x00000000eab00000)
  object space 284672K, 94% used [0x00000000c0000000,0x00000000d075feb8,0x00000000d1600000)
 Metaspace       used 69827K, committed 70912K, reserved 1114112K
  class space    used 6872K, committed 7360K, reserved 1048576K
}
Event: 1169.682 GC heap after
{Heap after GC invocations=210 (full 12):
 PSYoungGen      total 31744K, used 6995K [0x00000000eab00000, 0x00000000ed300000, 0x0000000100000000)
  eden space 24576K, 0% used [0x00000000eab00000,0x00000000eab00000,0x00000000ec300000)
  from space 7168K, 97% used [0x00000000ec380000,0x00000000eca54e78,0x00000000eca80000)
  to   space 8192K, 0% used [0x00000000ecb00000,0x00000000ecb00000,0x00000000ed300000)
 ParOldGen       total 284672K, used 271108K [0x00000000c0000000, 0x00000000d1600000, 0x00000000eab00000)
  object space 284672K, 95% used [0x00000000c0000000,0x00000000d08c1388,0x00000000d1600000)
 Metaspace       used 69827K, committed 70912K, reserved 1114112K
  class space    used 6872K, committed 7360K, reserved 1048576K
}
Event: 1174.243 GC heap before
{Heap before GC invocations=211 (full 12):
 PSYoungGen      total 31744K, used 31571K [0x00000000eab00000, 0x00000000ed300000, 0x0000000100000000)
  eden space 24576K, 100% used [0x00000000eab00000,0x00000000ec300000,0x00000000ec300000)
  from space 7168K, 97% used [0x00000000ec380000,0x00000000eca54e78,0x00000000eca80000)
  to   space 8192K, 0% used [0x00000000ecb00000,0x00000000ecb00000,0x00000000ed300000)
 ParOldGen       total 284672K, used 271108K [0x00000000c0000000, 0x00000000d1600000, 0x00000000eab00000)
  object space 284672K, 95% used [0x00000000c0000000,0x00000000d08c1388,0x00000000d1600000)
 Metaspace       used 69882K, committed 70912K, reserved 1114112K
  class space    used 6872K, committed 7360K, reserved 1048576K
}
Event: 1174.258 GC heap after
{Heap after GC invocations=211 (full 12):
 PSYoungGen      total 32256K, used 8175K [0x00000000eab00000, 0x00000000ed400000, 0x0000000100000000)
  eden space 24064K, 0% used [0x00000000eab00000,0x00000000eab00000,0x00000000ec280000)
  from space 8192K, 99% used [0x00000000ecb00000,0x00000000ed2fbe20,0x00000000ed300000)
  to   space 8704K, 0% used [0x00000000ec280000,0x00000000ec280000,0x00000000ecb00000)
 ParOldGen       total 284672K, used 272263K [0x00000000c0000000, 0x00000000d1600000, 0x00000000eab00000)
  object space 284672K, 95% used [0x00000000c0000000,0x00000000d09e1df0,0x00000000d1600000)
 Metaspace       used 69882K, committed 70912K, reserved 1114112K
  class space    used 6872K, committed 7360K, reserved 1048576K
}
Event: 1183.038 GC heap before
{Heap before GC invocations=212 (full 12):
 PSYoungGen      total 32256K, used 32239K [0x00000000eab00000, 0x00000000ed400000, 0x0000000100000000)
  eden space 24064K, 100% used [0x00000000eab00000,0x00000000ec280000,0x00000000ec280000)
  from space 8192K, 99% used [0x00000000ecb00000,0x00000000ed2fbe20,0x00000000ed300000)
  to   space 8704K, 0% used [0x00000000ec280000,0x00000000ec280000,0x00000000ecb00000)
 ParOldGen       total 284672K, used 272263K [0x00000000c0000000, 0x00000000d1600000, 0x00000000eab00000)
  object space 284672K, 95% used [0x00000000c0000000,0x00000000d09e1df0,0x00000000d1600000)
 Metaspace       used 69967K, committed 71040K, reserved 1114112K
  class space    used 6872K, committed 7360K, reserved 1048576K
}

